[0.904s] [34mcolcon[0m [1;30mDEBUG[0m [32mCommand line arguments: ['C:\\opt\\ros\\humble\\x64\\Scripts\\colcon', 'list', '-p', '--base-paths', 'c:\\Users\\bdsch\\Software\\spot_micro_ws'][0m
[0.904s] [34mcolcon[0m [1;30mDEBUG[0m [32mParsed command line arguments: Namespace(log_base=None, log_level=None, verb_name='list', build_base='build', ignore_user_meta=False, metas=['./colcon.meta'], base_paths=['c:\\Users\\bdsch\\Software\\spot_micro_ws'], packages_ignore=None, packages_ignore_regex=None, paths=None, packages_up_to=None, packages_up_to_regex=None, packages_above=None, packages_above_and_dependencies=None, packages_above_depth=None, packages_select_by_dep=None, packages_skip_by_dep=None, packages_skip_up_to=None, packages_select_build_failed=False, packages_skip_build_finished=False, packages_select_test_failures=False, packages_skip_test_passed=False, packages_select=None, packages_skip=None, packages_select_regex=None, packages_skip_regex=None, packages_start=None, packages_end=None, topological_order=False, names_only=False, paths_only=True, topological_graph=False, topological_graph_dot=False, topological_graph_density=False, topological_graph_legend=False, topological_graph_dot_cluster=False, topological_graph_dot_include_skipped=False, verb_parser=<colcon_defaults.argument_parser.defaults.DefaultArgumentsDecorator object at 0x000001D5A7C01B70>, verb_extension=<colcon_package_information.verb.list.ListVerb object at 0x000001D5A7C01000>, main=<bound method ListVerb.main of <colcon_package_information.verb.list.ListVerb object at 0x000001D5A7C01000>>)[0m
[0.958s] [34mcolcon.colcon_core.package_discovery[0m [1;30mLevel 1[0m discover_packages(colcon_meta) check parameters
[0.958s] [34mcolcon.colcon_core.package_discovery[0m [1;30mLevel 1[0m discover_packages(recursive) check parameters
[0.958s] [34mcolcon.colcon_core.package_discovery[0m [1;30mLevel 1[0m discover_packages(ignore) check parameters
[0.958s] [34mcolcon.colcon_core.package_discovery[0m [1;30mLevel 1[0m discover_packages(path) check parameters
[0.958s] [34mcolcon.colcon_core.package_discovery[0m [1;30mLevel 1[0m discover_packages(recursive) discover
[0.958s] [34mcolcon.colcon_core.package_discovery[0m [1;30mINFO[0m Crawling recursively for packages in 'c:\Users\bdsch\Software\spot_micro_ws'
[0.958s] [34mcolcon.colcon_core.package_identification[0m [1;30mLevel 1[0m _identify(c:\Users\bdsch\Software\spot_micro_ws) by extensions ['ignore', 'ignore_ament_install']
[0.958s] [34mcolcon.colcon_core.package_identification[0m [1;30mLevel 1[0m _identify(c:\Users\bdsch\Software\spot_micro_ws) by extension 'ignore'
[0.958s] [34mcolcon.colcon_core.package_identification[0m [1;30mLevel 1[0m _identify(c:\Users\bdsch\Software\spot_micro_ws) by extension 'ignore_ament_install'
[0.958s] [34mcolcon.colcon_core.package_identification[0m [1;30mLevel 1[0m _identify(c:\Users\bdsch\Software\spot_micro_ws) by extensions ['colcon_pkg']
[0.958s] [34mcolcon.colcon_core.package_identification[0m [1;30mLevel 1[0m _identify(c:\Users\bdsch\Software\spot_micro_ws) by extension 'colcon_pkg'
[0.959s] [34mcolcon.colcon_core.package_identification[0m [1;30mLevel 1[0m _identify(c:\Users\bdsch\Software\spot_micro_ws) by extensions ['colcon_meta']
[0.959s] [34mcolcon.colcon_core.package_identification[0m [1;30mLevel 1[0m _identify(c:\Users\bdsch\Software\spot_micro_ws) by extension 'colcon_meta'
[0.959s] [34mcolcon.colcon_core.package_identification[0m [1;30mLevel 1[0m _identify(c:\Users\bdsch\Software\spot_micro_ws) by extensions ['ros']
[0.959s] [34mcolcon.colcon_core.package_identification[0m [1;30mLevel 1[0m _identify(c:\Users\bdsch\Software\spot_micro_ws) by extension 'ros'
[0.976s] [34mcolcon.colcon_core.package_identification[0m [1;30mLevel 1[0m _identify(c:\Users\bdsch\Software\spot_micro_ws) by extensions ['cmake', 'python']
[0.976s] [34mcolcon.colcon_core.package_identification[0m [1;30mLevel 1[0m _identify(c:\Users\bdsch\Software\spot_micro_ws) by extension 'cmake'
[0.976s] [34mcolcon.colcon_core.package_identification[0m [1;30mLevel 1[0m _identify(c:\Users\bdsch\Software\spot_micro_ws) by extension 'python'
[0.976s] [34mcolcon.colcon_core.package_identification[0m [1;30mLevel 1[0m _identify(c:\Users\bdsch\Software\spot_micro_ws) by extensions ['python_setup_py']
[0.976s] [34mcolcon.colcon_core.package_identification[0m [1;30mLevel 1[0m _identify(c:\Users\bdsch\Software\spot_micro_ws) by extension 'python_setup_py'
[0.976s] [34mcolcon.colcon_core.package_identification[0m [1;30mLevel 1[0m _identify(c:\Users\bdsch\Software\spot_micro_ws\build) by extensions ['ignore', 'ignore_ament_install']
[0.976s] [34mcolcon.colcon_core.package_identification[0m [1;30mLevel 1[0m _identify(c:\Users\bdsch\Software\spot_micro_ws\build) by extension 'ignore'
[0.977s] [34mcolcon.colcon_core.package_identification[0m [1;30mLevel 1[0m _identify(c:\Users\bdsch\Software\spot_micro_ws\build) ignored
[0.977s] [34mcolcon.colcon_core.package_identification[0m [1;30mLevel 1[0m _identify(c:\Users\bdsch\Software\spot_micro_ws\install) by extensions ['ignore', 'ignore_ament_install']
[0.977s] [34mcolcon.colcon_core.package_identification[0m [1;30mLevel 1[0m _identify(c:\Users\bdsch\Software\spot_micro_ws\install) by extension 'ignore'
[0.977s] [34mcolcon.colcon_core.package_identification[0m [1;30mLevel 1[0m _identify(c:\Users\bdsch\Software\spot_micro_ws\install) ignored
[0.977s] [34mcolcon.colcon_core.package_identification[0m [1;30mLevel 1[0m _identify(c:\Users\bdsch\Software\spot_micro_ws\log) by extensions ['ignore', 'ignore_ament_install']
[0.977s] [34mcolcon.colcon_core.package_identification[0m [1;30mLevel 1[0m _identify(c:\Users\bdsch\Software\spot_micro_ws\log) by extension 'ignore'
[0.977s] [34mcolcon.colcon_core.package_identification[0m [1;30mLevel 1[0m _identify(c:\Users\bdsch\Software\spot_micro_ws\log) ignored
[0.978s] [34mcolcon.colcon_core.package_identification[0m [1;30mLevel 1[0m _identify(c:\Users\bdsch\Software\spot_micro_ws\src) by extensions ['ignore', 'ignore_ament_install']
[0.978s] [34mcolcon.colcon_core.package_identification[0m [1;30mLevel 1[0m _identify(c:\Users\bdsch\Software\spot_micro_ws\src) by extension 'ignore'
[0.978s] [34mcolcon.colcon_core.package_identification[0m [1;30mLevel 1[0m _identify(c:\Users\bdsch\Software\spot_micro_ws\src) by extension 'ignore_ament_install'
[0.978s] [34mcolcon.colcon_core.package_identification[0m [1;30mLevel 1[0m _identify(c:\Users\bdsch\Software\spot_micro_ws\src) by extensions ['colcon_pkg']
[0.978s] [34mcolcon.colcon_core.package_identification[0m [1;30mLevel 1[0m _identify(c:\Users\bdsch\Software\spot_micro_ws\src) by extension 'colcon_pkg'
[0.978s] [34mcolcon.colcon_core.package_identification[0m [1;30mLevel 1[0m _identify(c:\Users\bdsch\Software\spot_micro_ws\src) by extensions ['colcon_meta']
[0.978s] [34mcolcon.colcon_core.package_identification[0m [1;30mLevel 1[0m _identify(c:\Users\bdsch\Software\spot_micro_ws\src) by extension 'colcon_meta'
[0.978s] [34mcolcon.colcon_core.package_identification[0m [1;30mLevel 1[0m _identify(c:\Users\bdsch\Software\spot_micro_ws\src) by extensions ['ros']
[0.978s] [34mcolcon.colcon_core.package_identification[0m [1;30mLevel 1[0m _identify(c:\Users\bdsch\Software\spot_micro_ws\src) by extension 'ros'
[0.978s] [34mcolcon.colcon_core.package_identification[0m [1;30mLevel 1[0m _identify(c:\Users\bdsch\Software\spot_micro_ws\src) by extensions ['cmake', 'python']
[0.978s] [34mcolcon.colcon_core.package_identification[0m [1;30mLevel 1[0m _identify(c:\Users\bdsch\Software\spot_micro_ws\src) by extension 'cmake'
[0.978s] [34mcolcon.colcon_core.package_identification[0m [1;30mLevel 1[0m _identify(c:\Users\bdsch\Software\spot_micro_ws\src) by extension 'python'
[0.978s] [34mcolcon.colcon_core.package_identification[0m [1;30mLevel 1[0m _identify(c:\Users\bdsch\Software\spot_micro_ws\src) by extensions ['python_setup_py']
[0.978s] [34mcolcon.colcon_core.package_identification[0m [1;30mLevel 1[0m _identify(c:\Users\bdsch\Software\spot_micro_ws\src) by extension 'python_setup_py'
[0.979s] [34mcolcon.colcon_core.package_identification[0m [1;30mLevel 1[0m _identify(c:\Users\bdsch\Software\spot_micro_ws\src\spot_micro_ctrl) by extensions ['ignore', 'ignore_ament_install']
[0.979s] [34mcolcon.colcon_core.package_identification[0m [1;30mLevel 1[0m _identify(c:\Users\bdsch\Software\spot_micro_ws\src\spot_micro_ctrl) by extension 'ignore'
[0.979s] [34mcolcon.colcon_core.package_identification[0m [1;30mLevel 1[0m _identify(c:\Users\bdsch\Software\spot_micro_ws\src\spot_micro_ctrl) by extension 'ignore_ament_install'
[0.979s] [34mcolcon.colcon_core.package_identification[0m [1;30mLevel 1[0m _identify(c:\Users\bdsch\Software\spot_micro_ws\src\spot_micro_ctrl) by extensions ['colcon_pkg']
[0.979s] [34mcolcon.colcon_core.package_identification[0m [1;30mLevel 1[0m _identify(c:\Users\bdsch\Software\spot_micro_ws\src\spot_micro_ctrl) by extension 'colcon_pkg'
[0.979s] [34mcolcon.colcon_core.package_identification[0m [1;30mLevel 1[0m _identify(c:\Users\bdsch\Software\spot_micro_ws\src\spot_micro_ctrl) by extensions ['colcon_meta']
[0.979s] [34mcolcon.colcon_core.package_identification[0m [1;30mLevel 1[0m _identify(c:\Users\bdsch\Software\spot_micro_ws\src\spot_micro_ctrl) by extension 'colcon_meta'
[0.979s] [34mcolcon.colcon_core.package_identification[0m [1;30mLevel 1[0m _identify(c:\Users\bdsch\Software\spot_micro_ws\src\spot_micro_ctrl) by extensions ['ros']
[0.979s] [34mcolcon.colcon_core.package_identification[0m [1;30mLevel 1[0m _identify(c:\Users\bdsch\Software\spot_micro_ws\src\spot_micro_ctrl) by extension 'ros'
[0.982s] [34mcolcon.colcon_core.package_identification[0m [1;30mDEBUG[0m [32mPackage 'c:\Users\bdsch\Software\spot_micro_ws\src\spot_micro_ctrl' with type 'ros.ament_cmake' and name 'spot_micro_ctrl'[0m
[0.982s] [34mcolcon.colcon_core.package_identification[0m [1;30mLevel 1[0m _identify(c:\Users\bdsch\Software\spot_micro_ws\src\spot_micro_gpio) by extensions ['ignore', 'ignore_ament_install']
[0.982s] [34mcolcon.colcon_core.package_identification[0m [1;30mLevel 1[0m _identify(c:\Users\bdsch\Software\spot_micro_ws\src\spot_micro_gpio) by extension 'ignore'
[0.982s] [34mcolcon.colcon_core.package_identification[0m [1;30mLevel 1[0m _identify(c:\Users\bdsch\Software\spot_micro_ws\src\spot_micro_gpio) by extension 'ignore_ament_install'
[0.983s] [34mcolcon.colcon_core.package_identification[0m [1;30mLevel 1[0m _identify(c:\Users\bdsch\Software\spot_micro_ws\src\spot_micro_gpio) by extensions ['colcon_pkg']
[0.983s] [34mcolcon.colcon_core.package_identification[0m [1;30mLevel 1[0m _identify(c:\Users\bdsch\Software\spot_micro_ws\src\spot_micro_gpio) by extension 'colcon_pkg'
[0.983s] [34mcolcon.colcon_core.package_identification[0m [1;30mLevel 1[0m _identify(c:\Users\bdsch\Software\spot_micro_ws\src\spot_micro_gpio) by extensions ['colcon_meta']
[0.983s] [34mcolcon.colcon_core.package_identification[0m [1;30mLevel 1[0m _identify(c:\Users\bdsch\Software\spot_micro_ws\src\spot_micro_gpio) by extension 'colcon_meta'
[0.983s] [34mcolcon.colcon_core.package_identification[0m [1;30mLevel 1[0m _identify(c:\Users\bdsch\Software\spot_micro_ws\src\spot_micro_gpio) by extensions ['ros']
[0.983s] [34mcolcon.colcon_core.package_identification[0m [1;30mLevel 1[0m _identify(c:\Users\bdsch\Software\spot_micro_ws\src\spot_micro_gpio) by extension 'ros'
[0.984s] [34mcolcon.colcon_core.package_identification[0m [1;30mDEBUG[0m [32mPackage 'c:\Users\bdsch\Software\spot_micro_ws\src\spot_micro_gpio' with type 'ros.ament_python' and name 'spot_micro_gpio'[0m
[0.984s] [34mcolcon.colcon_core.package_identification[0m [1;30mLevel 1[0m _identify(c:\Users\bdsch\Software\spot_micro_ws\src\spot_micro_teleop) by extensions ['ignore', 'ignore_ament_install']
[0.984s] [34mcolcon.colcon_core.package_identification[0m [1;30mLevel 1[0m _identify(c:\Users\bdsch\Software\spot_micro_ws\src\spot_micro_teleop) by extension 'ignore'
[0.984s] [34mcolcon.colcon_core.package_identification[0m [1;30mLevel 1[0m _identify(c:\Users\bdsch\Software\spot_micro_ws\src\spot_micro_teleop) by extension 'ignore_ament_install'
[0.984s] [34mcolcon.colcon_core.package_identification[0m [1;30mLevel 1[0m _identify(c:\Users\bdsch\Software\spot_micro_ws\src\spot_micro_teleop) by extensions ['colcon_pkg']
[0.984s] [34mcolcon.colcon_core.package_identification[0m [1;30mLevel 1[0m _identify(c:\Users\bdsch\Software\spot_micro_ws\src\spot_micro_teleop) by extension 'colcon_pkg'
[0.984s] [34mcolcon.colcon_core.package_identification[0m [1;30mLevel 1[0m _identify(c:\Users\bdsch\Software\spot_micro_ws\src\spot_micro_teleop) by extensions ['colcon_meta']
[0.984s] [34mcolcon.colcon_core.package_identification[0m [1;30mLevel 1[0m _identify(c:\Users\bdsch\Software\spot_micro_ws\src\spot_micro_teleop) by extension 'colcon_meta'
[0.984s] [34mcolcon.colcon_core.package_identification[0m [1;30mLevel 1[0m _identify(c:\Users\bdsch\Software\spot_micro_ws\src\spot_micro_teleop) by extensions ['ros']
[0.984s] [34mcolcon.colcon_core.package_identification[0m [1;30mLevel 1[0m _identify(c:\Users\bdsch\Software\spot_micro_ws\src\spot_micro_teleop) by extension 'ros'
[0.985s] [34mcolcon.colcon_core.package_identification[0m [1;30mDEBUG[0m [32mPackage 'c:\Users\bdsch\Software\spot_micro_ws\src\spot_micro_teleop' with type 'ros.ament_python' and name 'spot_micro_teleop'[0m
[0.985s] [34mcolcon.colcon_core.package_discovery[0m [1;30mLevel 1[0m discover_packages(recursive) using defaults
